11:44:54.458 [main] DEBUG org.apache.http.impl.conn.SingleClientConnManager - Get connection for route HttpRoute[{}->http://www.baidu.com]
11:44:54.508 [main] DEBUG org.apache.http.impl.conn.DefaultClientConnectionOperator - Connecting to www.baidu.com:80
11:44:54.565 [main] DEBUG org.apache.http.client.protocol.RequestAddCookies - CookieSpec selected: best-match
11:44:54.577 [main] DEBUG org.apache.http.client.protocol.RequestAuthCache - Auth cache not set in the context
11:44:54.577 [main] DEBUG org.apache.http.impl.client.DefaultHttpClient - Attempt 1 to execute request
11:44:54.578 [main] DEBUG org.apache.http.impl.conn.DefaultClientConnection - Sending request: GET / HTTP/1.1
11:44:54.579 [main] DEBUG org.apache.http.wire - >> "GET / HTTP/1.1[\r][\n]"
11:44:54.591 [main] DEBUG org.apache.http.wire - >> "Host: www.baidu.com[\r][\n]"
11:44:54.591 [main] DEBUG org.apache.http.wire - >> "Connection: Keep-Alive[\r][\n]"
11:44:54.591 [main] DEBUG org.apache.http.wire - >> "User-Agent: Apache-HttpClient/4.1.3 (java 1.5)[\r][\n]"
11:44:54.591 [main] DEBUG org.apache.http.wire - >> "[\r][\n]"
11:44:54.591 [main] DEBUG org.apache.http.headers - >> GET / HTTP/1.1
11:44:54.591 [main] DEBUG org.apache.http.headers - >> Host: www.baidu.com
11:44:54.591 [main] DEBUG org.apache.http.headers - >> Connection: Keep-Alive
11:44:54.591 [main] DEBUG org.apache.http.headers - >> User-Agent: Apache-HttpClient/4.1.3 (java 1.5)
11:44:54.604 [main] DEBUG org.apache.http.wire - << "HTTP/1.1 200 OK[\r][\n]"
11:44:54.615 [main] DEBUG org.apache.http.wire - << "Date: Mon, 19 Nov 2012 03:44:50 GMT[\r][\n]"
11:44:54.615 [main] DEBUG org.apache.http.wire - << "Server: BWS/1.0[\r][\n]"
11:44:54.615 [main] DEBUG org.apache.http.wire - << "Content-Length: 9803[\r][\n]"
11:44:54.615 [main] DEBUG org.apache.http.wire - << "Content-Type: text/html;charset=gbk[\r][\n]"
11:44:54.615 [main] DEBUG org.apache.http.wire - << "Cache-Control: private[\r][\n]"
11:44:54.615 [main] DEBUG org.apache.http.wire - << "Expires: Mon, 19 Nov 2012 03:44:50 GMT[\r][\n]"
11:44:54.616 [main] DEBUG org.apache.http.wire - << "Set-Cookie: BAIDUID=6B07E65A657AB26BC7176044B1462534:FG=1; expires=Mon, 19-Nov-42 03:44:50 GMT; path=/; domain=.baidu.com[\r][\n]"
11:44:54.616 [main] DEBUG org.apache.http.wire - << "P3P: CP=" OTI DSP COR IVA OUR IND COM "[\r][\n]"
11:44:54.616 [main] DEBUG org.apache.http.wire - << "Connection: Keep-Alive[\r][\n]"
11:44:54.616 [main] DEBUG org.apache.http.wire - << "[\r][\n]"
11:44:54.616 [main] DEBUG org.apache.http.impl.conn.DefaultClientConnection - Receiving response: HTTP/1.1 200 OK
11:44:54.617 [main] DEBUG org.apache.http.headers - << HTTP/1.1 200 OK
11:44:54.617 [main] DEBUG org.apache.http.headers - << Date: Mon, 19 Nov 2012 03:44:50 GMT
11:44:54.617 [main] DEBUG org.apache.http.headers - << Server: BWS/1.0
11:44:54.617 [main] DEBUG org.apache.http.headers - << Content-Length: 9803
11:44:54.617 [main] DEBUG org.apache.http.headers - << Content-Type: text/html;charset=gbk
11:44:54.617 [main] DEBUG org.apache.http.headers - << Cache-Control: private
11:44:54.617 [main] DEBUG org.apache.http.headers - << Expires: Mon, 19 Nov 2012 03:44:50 GMT
11:44:54.617 [main] DEBUG org.apache.http.headers - << Set-Cookie: BAIDUID=6B07E65A657AB26BC7176044B1462534:FG=1; expires=Mon, 19-Nov-42 03:44:50 GMT; path=/; domain=.baidu.com
11:44:54.617 [main] DEBUG org.apache.http.headers - << P3P: CP=" OTI DSP COR IVA OUR IND COM "
11:44:54.617 [main] DEBUG org.apache.http.headers - << Connection: Keep-Alive
11:44:54.626 [main] DEBUG org.apache.http.client.protocol.ResponseProcessCookies - Cookie accepted: "[version: 0][name: BAIDUID][value: 6B07E65A657AB26BC7176044B1462534:FG=1][domain: .baidu.com][path: /][expiry: Wed Nov 19 11:44:50 CST 2042]". 
11:44:54.632 [main] DEBUG org.apache.http.impl.client.DefaultHttpClient - Connection can be kept alive indefinitely
